<?xml version="1.0" encoding="UTF-8"?>
<testsuite name="AserguradoraTest" tests="1" skipped="0" failures="0" errors="0" timestamp="2017-01-03T17:08:03" hostname="GGIECSOFWRK143" time="0.27">
  <properties/>
  <testcase name="test" classname="AserguradoraTest" time="0.27"/>
  <system-out><![CDATA[]]></system-out>
  <system-err><![CDATA[]]></system-err>
</testsuite>
